<?xml version="1.0" encoding="UTF-8"?>
<!-- Generated by org.testng.reporters.JUnitReportReporter -->
<testsuite skipped="0" hostname="TAN-PC" name="com.Testbase.TestBase" tests="2" failures="0" timestamp="18 Mar 2018 08:24:15 GMT" time="7.250" errors="0">
  <testcase name="OpenBrowser" time="6.406" classname="com.Testbase.TestBase"/>
  <testcase name="CloseBrowser" time="0.844" classname="com.Testbase.TestBase"/>
</testsuite> <!-- com.Testbase.TestBase -->
